customRegistrations
../base/plugins/pPluginManagement:
../base/plugins/pUserConfig:
pChapterIndexFile:
../base/plugins/pGets:
../base/plugins/pStorage:
../base/plugins/pConfigFile:FILE_CONFIG_DEFAULT;FILE_CONFIG
pServiceHomeFile:
puiSplash:
../base/plugins/pLocalizationSwitcher:
pColorTheme:
../base/plugins/pConvertSysEventToEvent
../base/plugins/pConvertSysEventToEvent:pPrePrintEvent
../base/plugins/pClickConverter:
pServiceActionCursor:
../base/plugins/pui:
../base/plugins/puiPanel
../base/plugins/puiHeader:header
../base/plugins/puiSidebar:sidebar
../base/plugins/puiButtonTab
../base/plugins/puiButtonTabTree
../base/plugins/puiPanel:bottom
../base/plugins/puiPanel:top
puiButtonTOC:toc
puiTOCCustomIcons:FILE_CONFIG
puiButtonBmarks:
pIndexFile:keywordList
puiButtonKeywordIndex:keywordList
pIndexFile:fulltextList
puiButtonKeywordIndex:fulltextList
puiButtonHome:
puiButtonChangeLanguage:
puiButtonVersionSearch:
puiButtonColorTheme:
puiButtonAsBook:
puiButtonUserNotes:notes
puiButtonToggleSide:
puiButtonFullScreen:
puiButtonPresMode:
../base/plugins/puiButtonSelect
puiButtonSelectSkin:
puiSidebarVisibilityToggle:
puiButtonPrint:
puiNavigation:nav
puiButtonEditRepo:
pTopicRenderer:
pTRClearPanels:-triage
pTRTriage:-triage
pTRKeywordRender:-triage
pTRLoadData:-load
pTRParseMd:-md
pTREmptyPlugin:-htm
pTRFlushToMemDOM:-unconnected
pTRUnconnectedTransformation:-unconnected
pTR1stHeadingToTopPanel:-unconnected
pTRAnchorName:
pTRBookmarkAnalysis:-connected
pTRVersionSearch:-connected
pTRFlushToDOM:-connected
pTRParsePrism:-connected
pTRParseMermaid:-connected
pTRRefreshJS:-connected
pTRKeywordInText:-connected
pKWGenerateIndex:fulltextList
pTopicRenderer:fulltextList
pTRTriage:fulltextList-triage
pTRLoadData:fulltextList-load
pTRParseMd:fulltextList-md
pTREmptyPlugin:fulltextList-htm
pTRFlushToMemDOM:fulltextList-unconnected
pTRUnconnectedTransformation:fulltextList-unconnected
pKWGetChapterLinks:fulltextList-unconnected2
pKWHTMLToText:fulltextList-unconnected2
pKWIndexDoc:fulltextList-unconnected2
../base/plugins/pServicePlugin
../base/plugins/pServiceLocalization:
puiWatermark
pExport
pExportHTM:HTM
pExportMD:MD
pExportTEX:TEX
pExportEPUB:EPUB
puiButtonExport:
